<?xml version="1.0" encoding="UTF-8"?>
<!-- Generated by org.testng.reporters.JUnitReportReporter -->
<testsuite hostname="Akkis-Mac.local" failures="0" tests="3" name="com.qa.hubspot.tests.HomePageTest" time="0.178" errors="0" timestamp="05 Mar 2020 17:19:37 GMT" skipped="1">
  <testcase classname="com.qa.hubspot.tests.HomePageTest" name="verifyHomePagetitletest" time="0.019"/>
  <testcase classname="com.qa.hubspot.tests.HomePageTest" name="getHomePageHeader" time="0.159"/>
  <testcase classname="com.qa.hubspot.tests.HomePageTest" name="verifyLoggedInUserTest">
    <skipped/>
  </testcase> <!-- verifyLoggedInUserTest -->
</testsuite> <!-- com.qa.hubspot.tests.HomePageTest -->
