<?xml version="1.0" encoding="UTF-8"?>
<!-- Generated by org.testng.reporters.JUnitReportReporter -->
<testsuite hostname="Akkis-Mac.local" failures="0" tests="3" name="com.qa.hubspot.tests.LoginPageTest" time="9.561" errors="0" timestamp="08 Jun 2020 14:14:06 GMT" skipped="0">
  <testcase classname="com.qa.hubspot.tests.LoginPageTest" name="verfiyLoginPageTitleTest" time="8.288"/>
  <testcase classname="com.qa.hubspot.tests.LoginPageTest" name="verfiySignUpLinkTest" time="0.163"/>
  <testcase classname="com.qa.hubspot.tests.LoginPageTest" name="loginTest" time="1.110"/>
</testsuite> <!-- com.qa.hubspot.tests.LoginPageTest -->
